<?xml version="1.0" encoding="UTF-8"?>
<!-- Generated by org.testng.reporters.JUnitXMLReporter -->
<testsuite ignored="0" hostname="EN310300" failures="2" tests="5" name="Surefire test" time="0.392" errors="0" timestamp="27 Dec 2019 14:16:49 GMT">
  <testcase classname="test.OrdersTest" name="shouldGetAllOrders" time="0.36"/>
  <testcase classname="test.OrdersTest" name="shouldGetOrderById" time="0.006">
    <failure type="java.lang.NullPointerException">
      <![CDATA[java.lang.NullPointerException
at test.OrdersTest.shouldGetOrderById(OrdersTest.java:34)
... Removed 30 stack frames]]>
    </failure>
  </testcase> <!-- shouldGetOrderById -->
  <testcase classname="test.OrdersTest" name="shouldPostOrder" time="0.0"/>
  <testcase classname="test.OrdersTest" name="shouldUpdateOrder" time="0.0"/>
  <testcase classname="test.OrdersTest" name="shouldDeleteOrder" time="0.004">
    <failure type="java.lang.NullPointerException">
      <![CDATA[java.lang.NullPointerException
at test.OrdersTest.shouldDeleteOrder(OrdersTest.java:53)
... Removed 30 stack frames]]>
    </failure>
  </testcase> <!-- shouldDeleteOrder -->
</testsuite> <!-- Surefire test -->
