<?xml version="1.0" encoding="UTF-8"?>
<testsuite xmlns:xsi="http://www.w3.org/2001/XMLSchema-instance" xsi:noNamespaceSchemaLocation="https://maven.apache.org/surefire/maven-surefire-plugin/xsd/surefire-test-report.xsd" name="test.OrdersTest" time="0.88" tests="5" errors="0" skipped="0" failures="2">
  <properties>
[...]
</properties>
  <testcase name="shouldGetAllOrders" classname="test.OrdersTest" time="0.36"/>
  <testcase name="shouldGetOrderById" classname="test.OrdersTest" time="0.01">
    <failure type="java.lang.NullPointerException">java.lang.NullPointerException
	at test.OrdersTest.shouldGetOrderById(OrdersTest.java:34)
</failure>
  </testcase>
  <testcase name="shouldPostOrder" classname="test.OrdersTest" time="0"/>
  <testcase name="shouldUpdateOrder" classname="test.OrdersTest" time="0"/>
  <testcase name="shouldDeleteOrder" classname="test.OrdersTest" time="0.003">
    <failure type="java.lang.NullPointerException">java.lang.NullPointerException
	at test.OrdersTest.shouldDeleteOrder(OrdersTest.java:53)
</failure>
  </testcase>
</testsuite>